-------------------------------------------------------------------------------
Test set: se.kth.iv1350.processsale.model.SaleTest
-------------------------------------------------------------------------------
Tests run: 5, Failures: 1, Errors: 0, Skipped: 0, Time elapsed: 0.013 s <<< FAILURE! - in se.kth.iv1350.processsale.model.SaleTest
testCalculateTotalPrice  Time elapsed: 0.003 s  <<< FAILURE!
org.opentest4j.AssertionFailedError: expected: <0.0> but was: <24.975>
	at se.kth.iv1350.processsale.model.SaleTest.testCalculateTotalPrice(SaleTest.java:79)

